time="2022-06-12T17:44:12+02:00" level=error msg="Getting users data..."
time="2022-06-13T20:42:43+02:00" level=info msg="Login request"
time="2022-06-13T20:43:18+02:00" level=info msg="Creating new post"
time="2022-06-13T20:43:22+02:00" level=info msg="Check is user with id:628bd6a568d3049df4079b35 blocked"
time="2022-06-13T20:43:25+02:00" level=info msg="Getting users data..."
time="2022-06-13T20:43:25+02:00" level=info msg="Getting all users experience"
time="2022-06-13T20:43:31+02:00" level=info msg="Updating existing user"
time="2022-06-13T20:43:35+02:00" level=info msg="Getting users data..."
time="2022-06-13T20:43:35+02:00" level=info msg="Getting all users experience"
time="2022-06-13T20:43:41+02:00" level=info msg="Updating existing user"
time="2022-06-13T20:43:44+02:00" level=info msg="Getting users data..."
time="2022-06-13T20:43:44+02:00" level=info msg="Getting all users experience"
time="2022-06-13T20:43:57+02:00" level=info msg="Searching users"
time="2022-06-13T20:43:57+02:00" level=info msg="Getting all connections"
time="2022-06-13T20:44:01+02:00" level=info msg="Searching users"
time="2022-06-13T20:44:03+02:00" level=info msg="Getting all connections"
time="2022-06-13T20:44:04+02:00" level=info msg="Creating new connection for user with id: 628bd6a568d3049df4079b35 with user with id: 627428a1d125e30152547d69"
time="2022-06-13T20:44:07+02:00" level=info msg="Getting users data..."
time="2022-06-13T20:44:07+02:00" level=info msg="Getting all users posts"
time="2022-06-13T20:44:07+02:00" level=info msg="Getting connection between users with ids: 628bd6a568d3049df4079b35---627428a1d125e30152547d69"
time="2022-06-13T20:44:08+02:00" level=info msg="Getting all reactions from post"
time="2022-06-13T20:44:08+02:00" level=info msg="Getting all comments from post"
time="2022-06-13T20:44:08+02:00" level=info msg="Getting all reactions from post"
time="2022-06-13T20:44:08+02:00" level=info msg="Getting all comments from post"
time="2022-06-13T20:44:08+02:00" level=info msg="Getting all reactions from post"
time="2022-06-13T20:44:08+02:00" level=info msg="Getting all comments from post"
time="2022-06-13T20:44:11+02:00" level=info msg="Create new reaction to post"
time="2022-06-13T20:44:11+02:00" level=info msg="Getting all reactions from post"
time="2022-06-13T20:44:14+02:00" level=info msg="Create new reaction to post"
time="2022-06-13T20:44:15+02:00" level=info msg="Getting all reactions from post"
time="2022-06-13T20:44:26+02:00" level=info msg="Creating new comment on post"
time="2022-06-13T20:44:26+02:00" level=info msg="Getting all comments from post"
time="2022-06-13T20:44:28+02:00" level=info msg="Getting users data..."
time="2022-06-13T20:44:29+02:00" level=info msg="Getting users data..."
time="2022-06-13T20:44:29+02:00" level=info msg="Getting all users posts"
time="2022-06-13T20:44:30+02:00" level=info msg="Getting all comments from post"
time="2022-06-13T20:44:30+02:00" level=info msg="Getting all reactions from post"
time="2022-06-13T20:44:30+02:00" level=info msg="Getting all reactions from post"
time="2022-06-13T20:44:30+02:00" level=info msg="Getting all comments from post"
time="2022-06-13T20:44:30+02:00" level=info msg="Getting all comments from post"
time="2022-06-13T20:44:30+02:00" level=info msg="Getting all reactions from post"
